<?xml version="1.0" encoding="UTF-8"?>
<testng-results ignored="0" total="1" passed="1" failed="0" skipped="0">
  <reporter-output>
  </reporter-output>
  <suite started-at="2025-03-03T19:53:12 IST" name="Default suite" finished-at="2025-03-03T19:53:23 IST" duration-ms="10628">
    <groups>
    </groups>
    <test started-at="2025-03-03T19:53:12 IST" name="Default test" finished-at="2025-03-03T19:53:23 IST" duration-ms="10628">
      <class name="masai_evaluation.tests.DataDrivenTest">
        <test-method is-config="true" signature="setups()[pri:0, instance:masai_evaluation.tests.DataDrivenTest@510f3d34]" started-at="2025-03-03T19:53:13 IST" name="setups" finished-at="2025-03-03T19:53:19 IST" duration-ms="6060" status="PASS">
          <reporter-output>
          </reporter-output>
        </test-method> <!-- setups -->
        <test-method signature="test1(java.lang.String,java.lang.String)[pri:0, instance:masai_evaluation.tests.DataDrivenTest@510f3d34]" started-at="2025-03-03T19:53:19 IST" name="test1" data-provider="loginData" finished-at="2025-03-03T19:53:22 IST" duration-ms="3248" status="PASS">
          <params>
            <param index="0">
              <value>
                <![CDATA[Admin]]>
              </value>
            </param>
            <param index="1">
              <value>
                <![CDATA[admin123]]>
              </value>
            </param>
          </params>
          <reporter-output>
          </reporter-output>
        </test-method> <!-- test1 -->
        <test-method is-config="true" signature="tearDown()[pri:0, instance:masai_evaluation.tests.DataDrivenTest@510f3d34]" started-at="2025-03-03T19:53:22 IST" name="tearDown" finished-at="2025-03-03T19:53:23 IST" duration-ms="266" status="PASS">
          <reporter-output>
          </reporter-output>
        </test-method> <!-- tearDown -->
      </class> <!-- masai_evaluation.tests.DataDrivenTest -->
    </test> <!-- Default test -->
  </suite> <!-- Default suite -->
</testng-results>
