<?xml version="1.0" encoding="UTF-8"?>
<testng-results ignored="4" total="5" passed="1" failed="0" skipped="0">
  <reporter-output>
  </reporter-output>
  <suite started-at="2025-03-02T03:33:11 IST" name="Default suite" finished-at="2025-03-02T03:33:19 IST" duration-ms="8073">
    <groups>
    </groups>
    <test started-at="2025-03-02T03:33:11 IST" name="Default test" finished-at="2025-03-02T03:33:19 IST" duration-ms="8073">
      <class name="com.demoblaze.testCases.Login">
        <test-method is-config="true" signature="setup()[pri:0, instance:com.demoblaze.testCases.Login@65e98b1c]" started-at="2025-03-02T03:33:11 IST" name="setup" finished-at="2025-03-02T03:33:15 IST" duration-ms="4468" status="PASS">
          <reporter-output>
          </reporter-output>
        </test-method> <!-- setup -->
        <test-method signature="verifyLoginWithInvalidPassword()[pri:2, instance:com.demoblaze.testCases.Login@65e98b1c]" started-at="2025-03-02T03:33:15 IST" name="verifyLoginWithInvalidPassword" finished-at="2025-03-02T03:33:19 IST" duration-ms="3388" status="PASS">
          <reporter-output>
          </reporter-output>
        </test-method> <!-- verifyLoginWithInvalidPassword -->
        <test-method is-config="true" signature="treaDown()[pri:0, instance:com.demoblaze.testCases.Login@65e98b1c]" started-at="2025-03-02T03:33:19 IST" name="treaDown" finished-at="2025-03-02T03:33:19 IST" duration-ms="159" status="PASS">
          <reporter-output>
          </reporter-output>
        </test-method> <!-- treaDown -->
      </class> <!-- com.demoblaze.testCases.Login -->
    </test> <!-- Default test -->
  </suite> <!-- Default suite -->
</testng-results>
