<?xml version="1.0" encoding="UTF-8"?>
<!-- Generated by org.testng.reporters.JUnitXMLReporter -->
<testsuite ignored="0" hostname="mac" failures="0" tests="4" name="Demoblaze Test" time="17.536" errors="0" timestamp="2025-03-01T16:12:42 IST">
  <testcase classname="com.demoblaze.testCases.SignUp" name="verifySignupWithMandetoryFilds" time="2.705"/>
  <testcase classname="com.demoblaze.testCases.Login" name="verifyLoginWithInvalidCredentials" time="3.5"/>
  <testcase classname="com.demoblaze.testCases.Login" name="verifyLoginWithvalidCredentials" time="4.214"/>
  <testcase classname="com.demoblaze.testCases.Search" name="verifySearchWithValidProduct" time="0.003"/>
</testsuite> <!-- Demoblaze Test -->
