<?xml version="1.0" encoding="UTF-8"?>
<!-- Generated by org.testng.reporters.JUnitXMLReporter -->
<testsuite ignored="4" hostname="mac" failures="0" tests="1" name="Default test" time="8.073" errors="0" timestamp="2025-03-02T03:33:19 IST">
  <testcase classname="com.demoblaze.testCases.Login" name="verifyLoginWithInvalidPassword" time="3.388"/>
  <testcase classname="com.demoblaze.testCases.Login" name="verifyLoginWithvalidCredentials" time="0.0">
    <ignored/>
  </testcase> <!-- verifyLoginWithvalidCredentials -->
  <testcase classname="com.demoblaze.testCases.Login" name="verifyLoginWithInvalidCredentials" time="0.0">
    <ignored/>
  </testcase> <!-- verifyLoginWithInvalidCredentials -->
  <testcase classname="com.demoblaze.testCases.Login" name="verifyLoginWithWithoutInput" time="0.0">
    <ignored/>
  </testcase> <!-- verifyLoginWithWithoutInput -->
  <testcase classname="com.demoblaze.testCases.Login" name="verifyLoginWithInvalidEmail" time="0.0">
    <ignored/>
  </testcase> <!-- verifyLoginWithInvalidEmail -->
</testsuite> <!-- Default test -->
